This file contains any messages produced by compilers while
running configure, to aid debugging if configure makes a mistake.

It was created by Tramp configure 2.0.57, which was
generated by GNU Autoconf 2.61.  Invocation command line was

  $ ./configure --with-contrib

## --------- ##
## Platform. ##
## --------- ##

hostname = office98-157.sat.rackspace.com
uname -m = i386
uname -r = 9.8.0
uname -s = Darwin
uname -v = Darwin Kernel Version 9.8.0: Wed Jul 15 16:55:01 PDT 2009; root:xnu-1228.15.4~1/RELEASE_I386

/usr/bin/uname -p = i386
/bin/uname -X     = unknown

/bin/arch              = unknown
/usr/bin/arch -k       = unknown
/usr/convex/getsysinfo = unknown
/usr/bin/hostinfo      = Mach kernel version:
	 Darwin Kernel Version 9.8.0: Wed Jul 15 16:55:01 PDT 2009; root:xnu-1228.15.4~1/RELEASE_I386
Kernel configured for up to 2 processors.
2 processors are physically available.
2 processors are logically available.
Processor type: i486 (Intel 80486)
Processors active: 0 1
Primary memory available: 4.00 gigabytes
Default processor set: 97 tasks, 363 threads, 2 processors
Load average: 1.04, Mach factor: 1.14
/bin/machine           = unknown
/usr/bin/oslevel       = unknown
/bin/universe          = unknown

PATH: /Users/sahilcooner/.bin
PATH: /opt/local/bin
PATH: /opt/local/sbin
PATH: /Users/sahilcooner/.bin/jython2.2.1
PATH: /System/Library/Frameworks/Python.framework/Versions/Current/bin
PATH: /usr/bin
PATH: /bin
PATH: /usr/sbin
PATH: /sbin
PATH: /usr/local/bin
PATH: /usr/X11/bin


## ----------- ##
## Core tests. ##
## ----------- ##

configure:1651: Tramp 2.0.57
configure:1664: checking for gmake
configure:1694: result: no
configure:1664: checking for make
configure:1680: found /usr/bin/make
configure:1691: result: make
configure:1709: checking for reasonable make version
configure:1712: result: ok
configure:1722: checking whether make sets $(MAKE)
configure:1743: result: yes
configure:1825: checking for emacs
configure:1842: found /opt/local/bin/emacs
configure:1854: result: yes
configure:1869: checking for emacs flavor
emacs --no-site-file -batch -eval (let ((x (if (featurep 'xemacs) "yes" "no"))) (write-region (if (stringp x) (princ x) (prin1-to-string x)) nil "./conftest-21448"))
=> no
configure:1916: result: emacs
configure:1928: checking for base64.el
emacs --no-site-file -batch -eval (let ((x (progn (load "base64.el" t) (fboundp 'base64-encode-region)))) (write-region (if (stringp x) (princ x) (prin1-to-string x)) nil "./conftest-21448"))
=> t
configure:2013: result: ok
configure:2021: checking for format-spec.el
emacs --no-site-file -batch -eval (let ((x (progn (load "format-spec.el" t) (fboundp 'format-spec)))) (write-region (if (stringp x) (princ x) (prin1-to-string x)) nil "./conftest-21448"))
Loading /opt/local/share/emacs/22.3/lisp/gnus/format-spec.el.gz...
uncompressing format-spec.el.gz...
uncompressing format-spec.el.gz...done
=> t
configure:2106: result: ok
configure:2114: checking for md5.el
emacs --no-site-file -batch -eval (let ((x (progn (load "md5.el" t) (fboundp 'md5)))) (write-region (if (stringp x) (princ x) (prin1-to-string x)) nil "./conftest-21448"))
=> t
configure:2199: result: ok
configure:2207: checking for password.el
emacs --no-site-file -batch -eval (let ((x (progn (load "password.el" t) (fboundp 'password-cache-add)))) (write-region (if (stringp x) (princ x) (prin1-to-string x)) nil "./conftest-21448"))
=> nil
configure:2269: result: linked to contrib directory
configure:2300: checking for uudecode.el
emacs --no-site-file -batch -eval (let ((x (progn (load "uudecode.el" t) (fboundp 'uudecode-decode-region)))) (write-region (if (stringp x) (princ x) (prin1-to-string x)) nil "./conftest-21448"))
Loading /opt/local/share/emacs/22.3/lisp/gnus/uudecode.el.gz...
uncompressing uudecode.el.gz...
uncompressing uudecode.el.gz...done
=> t
configure:2385: result: ok
configure:2488: checking for run-at-time.el
emacs --no-site-file -batch -eval (let ((x (progn (load "run-at-time.el" t) (fboundp 'run-at-time)))) (write-region (if (stringp x) (princ x) (prin1-to-string x)) nil "./conftest-21448"))
=> t
configure:2573: result: ok
configure:2584: checking for makeinfo
configure:2600: found /opt/local/bin/makeinfo
configure:2612: result: makeinfo
configure:2626: checking for reasonable makeinfo version
configure:2630: result: ok
configure:2644: checking for texi2dvi
configure:2660: found /opt/local/bin/texi2dvi
configure:2672: result: texi2dvi
configure:2684: checking for reasonable texi2dvi version
configure:2692: result: nok
configure:2694: WARNING: texi2dvi doesn't work, check $TEXINPUTS
configure:2706: checking for install-info
configure:2722: found /opt/local/bin/install-info
configure:2733: result: install-info
configure:2796: checking for installation chapter
configure:2805: result: yes
configure:2815: checking for japanese manual
configure:2824: result: no
configure:2832: checking prefix 
configure:2840: result: /usr/local
configure:2843: checking datadir
configure:2858: result: ${prefix}/share
configure:2867: checking lispdir
configure:2876: result: ${datadir}/emacs/site-lisp
configure:2881: checking infodir
configure:2908: result: ${prefix}/share/info
configure:2925: checking for ftp-upload
configure:2953: result: no
configure:3110: creating ./config.status

## ---------------------- ##
## Running config.status. ##
## ---------------------- ##

This file was extended by Tramp config.status 2.0.57, which was
generated by GNU Autoconf 2.61.  Invocation command line was

  CONFIG_FILES    = 
  CONFIG_HEADERS  = 
  CONFIG_LINKS    = 
  CONFIG_COMMANDS = 
  $ ./config.status 

on office98-157.sat.rackspace.com

config.status:584: creating Makefile
config.status:584: creating contrib/Makefile
config.status:715: WARNING:  contrib/Makefile.in seems to ignore the --datarootdir setting
config.status:584: creating lisp/Makefile
config.status:715: WARNING:  lisp/Makefile.in seems to ignore the --datarootdir setting
config.status:584: creating lisp/trampver.el
config.status:584: creating texi/Makefile
config.status:715: WARNING:  texi/Makefile.in seems to ignore the --datarootdir setting
config.status:584: creating texi/trampver.texi

## ---------------- ##
## Cache variables. ##
## ---------------- ##

EMACS_cv_SYS_base64_encode_region=t
EMACS_cv_SYS_format_spec=t
EMACS_cv_SYS_md5=t
EMACS_cv_SYS_password_cache_add=nil
EMACS_cv_SYS_run_at_time=t
EMACS_cv_SYS_uudecode_decode_region=t
EMACS_cv_SYS_xemacsp=no
ac_cv_env_build_alias_set=
ac_cv_env_build_alias_value=
ac_cv_env_host_alias_set=
ac_cv_env_host_alias_value=
ac_cv_env_target_alias_set=
ac_cv_env_target_alias_value=
ac_cv_prog_EMACS_test_emacs=yes
ac_cv_prog_FTP_UPLOAD=no
ac_cv_prog_INSTALL_INFO=install-info
ac_cv_prog_MAKE=make
ac_cv_prog_MAKEINFO=makeinfo
ac_cv_prog_TEXI2DVI=texi2dvi
ac_cv_prog_make_make_set=yes

## ----------------- ##
## Output variables. ##
## ----------------- ##

DEFS='-DPACKAGE_NAME=\"Tramp\" -DPACKAGE_TARNAME=\"tramp\" -DPACKAGE_VERSION=\"2.0.57\" -DPACKAGE_STRING=\"Tramp\ 2.0.57\" -DPACKAGE_BUGREPORT=\"tramp-devel@gnu.org\"'
ECHO_C='ECHO_N=''
ECHO_T=''
EMACS='emacs'
EMACS_INFO='emacs'
EMACS_test_emacs='yes'
FTP_UPLOAD='no'
INSTALL_CHAPTER='yes'
INSTALL_INFO='install-info'
JA_MANUAL='no'
LIBOBJS=''
LIBS=''
LTLIBOBJS=''
MAKE='make'
MAKEINFO='makeinfo'
PACKAGE_BUGREPORT='tramp-devel@gnu.org'
PACKAGE_NAME='Tramp'
PACKAGE_STRING='Tramp 2.0.57'
PACKAGE_TARNAME='tramp'
PACKAGE_VERSION='2.0.57'
PATH_SEPARATOR=':'
SET_MAKE=''
SHELL='/bin/sh'
TEXI2DVI='no'
TRAMP_CLEAN_FILES='.\\#* \\#* .*~ *~ *.aux *.cp *.cps *.diff *.dvi *.elc *.fn *.fns *.html *.info *.ky *.log *.pg *.tmp *.toc *.tp *.vr *.vrs'
TRAMP_CONFIG_FILES='Makefile contrib/Makefile lisp/Makefile lisp/trampver.el texi/Makefile texi/trampver.texi'
TRAMP_CONTRIB_FILES='password.el '
TRAMP_EMACS_MERGE_VERSION='2.0.56'
bindir='${exec_prefix}/bin'
build_alias=''
datadir='${prefix}/share'
datadir_default='${prefix}/share'
datarootdir='${prefix}/share'
docdir='${datarootdir}/doc/${PACKAGE_TARNAME}'
dvidir='${docdir}'
exec_prefix='${prefix}'
host_alias=''
htmldir='${docdir}'
includedir='${prefix}/include'
infodir='${prefix}/share/info'
infodir_default='/usr/local/info'
libdir='${exec_prefix}/lib'
libexecdir='${exec_prefix}/libexec'
lispdir='${datadir}/emacs/site-lisp'
lispdir_default='/usr/local/share/emacs/site-lisp'
localedir='${datarootdir}/locale'
localstatedir='${prefix}/var'
mandir='${datarootdir}/man'
oldincludedir='/usr/include'
pdfdir='${docdir}'
prefix='/usr/local'
prefix_default='/usr/local'
program_transform_name='s,x,x,'
psdir='${docdir}'
sbindir='${exec_prefix}/sbin'
sharedstatedir='${prefix}/com'
sysconfdir='${prefix}/etc'
target_alias=''

## ----------- ##
## confdefs.h. ##
## ----------- ##

#define PACKAGE_NAME "Tramp"
#define PACKAGE_TARNAME "tramp"
#define PACKAGE_VERSION "2.0.57"
#define PACKAGE_STRING "Tramp 2.0.57"
#define PACKAGE_BUGREPORT "tramp-devel@gnu.org"

configure: exit 0
